Starting Run
/vortexfs1/scratch/chernandez/cms_latest_gcc/cms-CMHedit/expt
pn056
Thu Oct 12 12:44:57 EDT 2023
 fill_value and velocity_conversion_factor on read  -30000.0000       1.00000005E-03
 Opening file for reading: http://tds.hycom.org/thredds/dodsC/GLBy0.08/expt_93.0/uv3z
 Succesfully read data: Longitude
 Succesfully read data: Latitude
 Succesfully read data: Depth
 Succesfully read data: Time
 Starting X Axis index:         1563
 Ending X Axis index  :         1813
 Starting Y Axis index:         1876
 Ending Y Axis index  :         2501
 Starting Z Axis index:            1
 Ending Z Axis index  :           20
 Starting T Axis index:        11078
 Ending T Axis index  :        11342
 Data file            1  of          265  already exists
 Data file            2  of          265  already exists
 Data file            3  of          265  already exists
 Data file            4  of          265  already exists
 Data file            5  of          265  already exists
 Data file            6  of          265  already exists
 Data file            7  of          265  already exists
 Data file            8  of          265  already exists
 Data file            9  of          265  already exists
 Data file           10  of          265  already exists
 Data file           11  of          265  already exists
 Data file           12  of          265  already exists
 Data file           13  of          265  already exists
 Data file           14  of          265  already exists
 Data file           15  of          265  already exists
 Data file           16  of          265  already exists
 Data file           17  of          265  already exists
 Data file           18  of          265  already exists
 Data file           19  of          265  already exists
 Data file           20  of          265  already exists
 Data file           21  of          265  already exists
 Data file           22  of          265  already exists
 Data file           23  of          265  already exists
 Data file           24  of          265  already exists
 Data file           25  of          265  already exists
 Data file           26  of          265  already exists
 Data file           27  of          265  already exists
 Data file           28  of          265  already exists
 Data file           29  of          265  already exists
 Data file           30  of          265  already exists
 Data file           31  of          265  already exists
 Data file           32  of          265  already exists
 Data file           33  of          265  already exists
 Data file           34  of          265  already exists
 Data file           35  of          265  already exists
 Data file           36  of          265  already exists
 Data file           37  of          265  already exists
 Data file           38  of          265  already exists
 Data file           39  of          265  already exists
 Data file           40  of          265  already exists
 Data file           41  of          265  already exists
 Data file           42  of          265  already exists
 Data file           43  of          265  already exists
 Data file           44  of          265  already exists
 Data file           45  of          265  already exists
 Data file           46  of          265  already exists
 Data file           47  of          265  already exists
 Data file           48  of          265  already exists
 Data file           49  of          265  already exists
 Data file           50  of          265  already exists
 Data file           51  of          265  already exists
 Data file           52  of          265  already exists
 Data file           53  of          265  already exists
 Data file           54  of          265  already exists
 Data file           55  of          265  already exists
 Data file           56  of          265  already exists
 Data file           57  of          265  already exists
 Data file           58  of          265  already exists
 Data file           59  of          265  already exists
 Data file           60  of          265  already exists
 Data file           61  of          265  already exists
 Data file           62  of          265  already exists
 Data file           63  of          265  already exists
 Data file           64  of          265  already exists
 Data file           65  of          265  already exists
 Data file           66  of          265  already exists
 Data file           67  of          265  already exists
 Data file           68  of          265  already exists
 Data file           69  of          265  already exists
 Data file           70  of          265  already exists
 Data file           71  of          265  already exists
 Data file           72  of          265  already exists
 Data file           73  of          265  already exists
 Data file           74  of          265  already exists
 Data file           75  of          265  already exists
 Data file           76  of          265  already exists
 Data file           77  of          265  already exists
 Data file           78  of          265  already exists
 Data file           79  of          265  already exists
 Data file           80  of          265  already exists
 Data file           81  of          265  already exists
 Data file           82  of          265  already exists
 Data file           83  of          265  already exists
 Data file           84  of          265  already exists
 Data file           85  of          265  already exists
 Data file           86  of          265  already exists
 Data file           87  of          265  already exists
 Data file           88  of          265  already exists
 Data file           89  of          265  already exists
 Data file           90  of          265  already exists
 Data file           91  of          265  already exists
 Data file           92  of          265  already exists
 Data file           93  of          265  already exists
 Data file           94  of          265  already exists
 Data file           95  of          265  already exists
 Data file           96  of          265  already exists
 Data file           97  of          265  already exists
 Data file           98  of          265  already exists
 Data file           99  of          265  already exists
 Data file          100  of          265  already exists
 Data file          101  of          265  already exists
 Data file          102  of          265  already exists
 Data file          103  of          265  already exists
 Data file          104  of          265  already exists
 Data file          105  of          265  already exists
 Data file          106  of          265  already exists
 Data file          107  of          265  already exists
 Data file          108  of          265  already exists
 Data file          109  of          265  already exists
 Data file          110  of          265  already exists
 Data file          111  of          265  already exists
 Data file          112  of          265  already exists
 Data file          113  of          265  already exists
 Data file          114  of          265  already exists
 Data file          115  of          265  already exists
 Data file          116  of          265  already exists
 Data file          117  of          265  already exists
 Data file          118  of          265  already exists
 Data file          119  of          265  already exists
 Data file          120  of          265  already exists
 Data file          121  of          265  already exists
 Data file          122  of          265  already exists
 Data file          123  of          265  already exists
 Data file          124  of          265  already exists
 Data file          125  of          265  already exists
 Data file          126  of          265  already exists
 Data file          127  of          265  already exists
 Data file          128  of          265  already exists
 Data file          129  of          265  already exists
 Data file          130  of          265  already exists
 Data file          131  of          265  already exists
 Data file          132  of          265  already exists
 Data file          133  of          265  already exists
 Data file          134  of          265  already exists
 Data file          135  of          265  already exists
 Data file          136  of          265  already exists
 Data file          137  of          265  already exists
 Data file          138  of          265  already exists
 Data file          139  of          265  already exists
 Data file          140  of          265  already exists
 Data file          141  of          265  already exists
 Data file          142  of          265  already exists
 Data file          143  of          265  already exists
 Data file          144  of          265  already exists
 Data file          145  of          265  already exists
 Data file          146  of          265  already exists
 Data file          147  of          265  already exists
 Data file          148  of          265  already exists
 Data file          149  of          265  already exists
 Data file          150  of          265  already exists
 Data file          151  of          265  already exists
 Data file          152  of          265  already exists
 Data file          153  of          265  already exists
 Data file          154  of          265  already exists
 Data file          155  of          265  already exists
 Data file          156  of          265  already exists
 Data file          157  of          265  already exists
 Data file          158  of          265  already exists
 Data file          159  of          265  already exists
 Data file          160  of          265  already exists
 Data file          161  of          265  already exists
 Data file          162  of          265  already exists
 Data file          163  of          265  already exists
 Data file          164  of          265  already exists
 Data file          165  of          265  already exists
 Data file          166  of          265  already exists
 Data file          167  of          265  already exists
 Data file          168  of          265  already exists
 Data file          169  of          265  already exists
 Data file          170  of          265  already exists
 Data file          171  of          265  already exists
 Data file          172  of          265  already exists
 Data file          173  of          265  already exists
 Data file          174  of          265  already exists
 Data file          175  of          265  already exists
 Data file          176  of          265  already exists
 Data file          177  of          265  already exists
 Data file          178  of          265  already exists
 Data file          179  of          265  already exists
 Data file          180  of          265  already exists
 Data file          181  of          265  already exists
 Data file          182  of          265  already exists
 Data file          183  of          265  already exists
 Data file          184  of          265  already exists
 Data file          185  of          265  already exists
 Data file          186  of          265  already exists
 Data file          187  of          265  already exists
 Data file          188  of          265  already exists
 Data file          189  of          265  already exists
 Data file          190  of          265  already exists
 Data file          191  of          265  already exists
 Data file          192  of          265  already exists
 Data file          193  of          265  already exists
 Data file          194  of          265  already exists
 Data file          195  of          265  already exists
 Data file          196  of          265  already exists
 Data file          197  of          265  already exists
 Data file          198  of          265  already exists
 Data file          199  of          265  already exists
 Data file          200  of          265  already exists
 Data file          201  of          265  already exists
 Data file          202  of          265  already exists
 Data file          203  of          265  already exists
 Data file          204  of          265  already exists
 Data file          205  of          265  already exists
 Data file          206  of          265  already exists
 Data file          207  of          265  already exists
 Data file          208  of          265  already exists
 Data file          209  of          265  already exists
 Data file          210  of          265  already exists
 Data file          211  of          265  already exists
 Data file          212  of          265  already exists
 Data file          213  of          265  already exists
 Data file          214  of          265  already exists
 Data file          215  of          265  already exists
 Data file          216  of          265  already exists
 Data file          217  of          265  already exists
 Data file          218  of          265  already exists
 Data file          219  of          265  already exists
 Data file          220  of          265  already exists
 Data file          221  of          265  already exists
 Data file          222  of          265  already exists
 Data file          223  of          265  already exists
 Data file          224  of          265  already exists
 Data file          225  of          265  already exists
 Data file          226  of          265  already exists
 Data file          227  of          265  already exists
 Data file          228  of          265  already exists
 Data file          229  of          265  already exists
 Data file          230  of          265  already exists
 Data file          231  of          265  already exists
 Data file          232  of          265  already exists
 Data file          233  of          265  already exists
 Data file          234  of          265  already exists
 Data file          235  of          265  already exists
 Data file          236  of          265  already exists
 Data file          237  of          265  already exists
 Data file          238  of          265  already exists
 Data file          239  of          265  already exists
 Data file          240  of          265  already exists
 Data file          241  of          265  already exists
 Data file          242  of          265  already exists
 Data file          243  of          265  already exists
 Data file          244  of          265  already exists
 Data file          245  of          265  already exists
 Data file          246  of          265  already exists
 Data file          247  of          265  already exists
 Data file          248  of          265  already exists
 Data file          249  of          265  already exists
 Data file          250  of          265  already exists
 Data file          251  of          265  already exists
 Data file          252  of          265  already exists
 Data file          253  of          265  already exists
 Data file          254  of          265  already exists
 Data file          255  of          265  already exists
 Data file          256  of          265  already exists
 Data file          257  of          265  already exists
 Reading data file          258  of          265
 Error in the netCDF file: http://tds.hycom.org/thredds/dodsC/GLBy0.08/expt_93.0/uv3z
 NetCDF: DAP failure
 fill_value and velocity_conversion_factor on read  -30000.0000       1.00000005E-03
 Opening file for reading: http://tds.hycom.org/thredds/dodsC/GLBy0.08/expt_93.0/uv3z
 Succesfully read data: Longitude
 Succesfully read data: Latitude
 Succesfully read data: Depth
 Error in the netCDF file: http://tds.hycom.org/thredds/dodsC/GLBy0.08/expt_93.0/uv3z
 NetCDF: DAP failure
 fill_value and velocity_conversion_factor on read  -30000.0000       1.00000005E-03
 Opening file for reading: http://tds.hycom.org/thredds/dodsC/GLBy0.08/expt_93.0/uv3z
 Succesfully read data: Longitude
 Succesfully read data: Latitude
 Succesfully read data: Depth
 Succesfully read data: Time
 Starting X Axis index:         1563
 Ending X Axis index  :         1813
 Starting Y Axis index:         1876
 Ending Y Axis index  :         2501
 Starting Z Axis index:            1
 Ending Z Axis index  :           20
 Starting T Axis index:        11078
 Ending T Axis index  :        11342
 Data file            1  of          265  already exists
 Data file            2  of          265  already exists
 Data file            3  of          265  already exists
 Data file            4  of          265  already exists
 Data file            5  of          265  already exists
 Data file            6  of          265  already exists
 Data file            7  of          265  already exists
 Data file            8  of          265  already exists
 Data file            9  of          265  already exists
 Data file           10  of          265  already exists
 Data file           11  of          265  already exists
 Data file           12  of          265  already exists
 Data file           13  of          265  already exists
 Data file           14  of          265  already exists
 Data file           15  of          265  already exists
 Data file           16  of          265  already exists
 Data file           17  of          265  already exists
 Data file           18  of          265  already exists
 Data file           19  of          265  already exists
 Data file           20  of          265  already exists
 Data file           21  of          265  already exists
 Data file           22  of          265  already exists
 Data file           23  of          265  already exists
 Data file           24  of          265  already exists
 Data file           25  of          265  already exists
 Data file           26  of          265  already exists
 Data file           27  of          265  already exists
 Data file           28  of          265  already exists
 Data file           29  of          265  already exists
 Data file           30  of          265  already exists
 Data file           31  of          265  already exists
 Data file           32  of          265  already exists
 Data file           33  of          265  already exists
 Data file           34  of          265  already exists
 Data file           35  of          265  already exists
 Data file           36  of          265  already exists
 Data file           37  of          265  already exists
 Data file           38  of          265  already exists
 Data file           39  of          265  already exists
 Data file           40  of          265  already exists
 Data file           41  of          265  already exists
 Data file           42  of          265  already exists
 Data file           43  of          265  already exists
 Data file           44  of          265  already exists
 Data file           45  of          265  already exists
 Data file           46  of          265  already exists
 Data file           47  of          265  already exists
 Data file           48  of          265  already exists
 Data file           49  of          265  already exists
 Data file           50  of          265  already exists
 Data file           51  of          265  already exists
 Data file           52  of          265  already exists
 Data file           53  of          265  already exists
 Data file           54  of          265  already exists
 Data file           55  of          265  already exists
 Data file           56  of          265  already exists
 Data file           57  of          265  already exists
 Data file           58  of          265  already exists
 Data file           59  of          265  already exists
 Data file           60  of          265  already exists
 Data file           61  of          265  already exists
 Data file           62  of          265  already exists
 Data file           63  of          265  already exists
 Data file           64  of          265  already exists
 Data file           65  of          265  already exists
 Data file           66  of          265  already exists
 Data file           67  of          265  already exists
 Data file           68  of          265  already exists
 Data file           69  of          265  already exists
 Data file           70  of          265  already exists
 Data file           71  of          265  already exists
 Data file           72  of          265  already exists
 Data file           73  of          265  already exists
 Data file           74  of          265  already exists
 Data file           75  of          265  already exists
 Data file           76  of          265  already exists
 Data file           77  of          265  already exists
 Data file           78  of          265  already exists
 Data file           79  of          265  already exists
 Data file           80  of          265  already exists
 Data file           81  of          265  already exists
 Data file           82  of          265  already exists
 Data file           83  of          265  already exists
 Data file           84  of          265  already exists
 Data file           85  of          265  already exists
 Data file           86  of          265  already exists
 Data file           87  of          265  already exists
 Data file           88  of          265  already exists
 Data file           89  of          265  already exists
 Data file           90  of          265  already exists
 Data file           91  of          265  already exists
 Data file           92  of          265  already exists
 Data file           93  of          265  already exists
 Data file           94  of          265  already exists
 Data file           95  of          265  already exists
 Data file           96  of          265  already exists
 Data file           97  of          265  already exists
 Data file           98  of          265  already exists
 Data file           99  of          265  already exists
 Data file          100  of          265  already exists
 Data file          101  of          265  already exists
 Data file          102  of          265  already exists
 Data file          103  of          265  already exists
 Data file          104  of          265  already exists
 Data file          105  of          265  already exists
 Data file          106  of          265  already exists
 Data file          107  of          265  already exists
 Data file          108  of          265  already exists
 Data file          109  of          265  already exists
 Data file          110  of          265  already exists
 Data file          111  of          265  already exists
 Data file          112  of          265  already exists
 Data file          113  of          265  already exists
 Data file          114  of          265  already exists
 Data file          115  of          265  already exists
 Data file          116  of          265  already exists
 Data file          117  of          265  already exists
 Data file          118  of          265  already exists
 Data file          119  of          265  already exists
 Data file          120  of          265  already exists
 Data file          121  of          265  already exists
 Data file          122  of          265  already exists
 Data file          123  of          265  already exists
 Data file          124  of          265  already exists
 Data file          125  of          265  already exists
 Data file          126  of          265  already exists
 Data file          127  of          265  already exists
 Data file          128  of          265  already exists
 Data file          129  of          265  already exists
 Data file          130  of          265  already exists
 Data file          131  of          265  already exists
 Data file          132  of          265  already exists
 Data file          133  of          265  already exists
 Data file          134  of          265  already exists
 Data file          135  of          265  already exists
 Data file          136  of          265  already exists
 Data file          137  of          265  already exists
 Data file          138  of          265  already exists
 Data file          139  of          265  already exists
 Data file          140  of          265  already exists
 Data file          141  of          265  already exists
 Data file          142  of          265  already exists
 Data file          143  of          265  already exists
 Data file          144  of          265  already exists
 Data file          145  of          265  already exists
 Data file          146  of          265  already exists
 Data file          147  of          265  already exists
 Data file          148  of          265  already exists
 Data file          149  of          265  already exists
 Data file          150  of          265  already exists
 Data file          151  of          265  already exists
 Data file          152  of          265  already exists
 Data file          153  of          265  already exists
 Data file          154  of          265  already exists
 Data file          155  of          265  already exists
 Data file          156  of          265  already exists
 Data file          157  of          265  already exists
 Data file          158  of          265  already exists
 Data file          159  of          265  already exists
 Data file          160  of          265  already exists
 Data file          161  of          265  already exists
 Data file          162  of          265  already exists
 Data file          163  of          265  already exists
 Data file          164  of          265  already exists
 Data file          165  of          265  already exists
 Data file          166  of          265  already exists
 Data file          167  of          265  already exists
 Data file          168  of          265  already exists
 Data file          169  of          265  already exists
 Data file          170  of          265  already exists
 Data file          171  of          265  already exists
 Data file          172  of          265  already exists
 Data file          173  of          265  already exists
 Data file          174  of          265  already exists
 Data file          175  of          265  already exists
 Data file          176  of          265  already exists
 Data file          177  of          265  already exists
 Data file          178  of          265  already exists
 Data file          179  of          265  already exists
 Data file          180  of          265  already exists
 Data file          181  of          265  already exists
 Data file          182  of          265  already exists
 Data file          183  of          265  already exists
 Data file          184  of          265  already exists
 Data file          185  of          265  already exists
 Data file          186  of          265  already exists
 Data file          187  of          265  already exists
 Data file          188  of          265  already exists
 Data file          189  of          265  already exists
 Data file          190  of          265  already exists
 Data file          191  of          265  already exists
 Data file          192  of          265  already exists
 Data file          193  of          265  already exists
 Data file          194  of          265  already exists
 Data file          195  of          265  already exists
 Data file          196  of          265  already exists
 Data file          197  of          265  already exists
 Data file          198  of          265  already exists
 Data file          199  of          265  already exists
 Data file          200  of          265  already exists
 Data file          201  of          265  already exists
 Data file          202  of          265  already exists
 Data file          203  of          265  already exists
 Data file          204  of          265  already exists
 Data file          205  of          265  already exists
 Data file          206  of          265  already exists
 Data file          207  of          265  already exists
 Data file          208  of          265  already exists
 Data file          209  of          265  already exists
 Data file          210  of          265  already exists
 Data file          211  of          265  already exists
 Data file          212  of          265  already exists
 Data file          213  of          265  already exists
 Data file          214  of          265  already exists
 Data file          215  of          265  already exists
 Data file          216  of          265  already exists
 Data file          217  of          265  already exists
 Data file          218  of          265  already exists
 Data file          219  of          265  already exists
 Data file          220  of          265  already exists
 Data file          221  of          265  already exists
 Data file          222  of          265  already exists
 Data file          223  of          265  already exists
 Data file          224  of          265  already exists
 Data file          225  of          265  already exists
 Data file          226  of          265  already exists
 Data file          227  of          265  already exists
 Data file          228  of          265  already exists
 Data file          229  of          265  already exists
 Data file          230  of          265  already exists
 Data file          231  of          265  already exists
 Data file          232  of          265  already exists
 Data file          233  of          265  already exists
 Data file          234  of          265  already exists
 Data file          235  of          265  already exists
 Data file          236  of          265  already exists
 Data file          237  of          265  already exists
 Data file          238  of          265  already exists
 Data file          239  of          265  already exists
 Data file          240  of          265  already exists
 Data file          241  of          265  already exists
 Data file          242  of          265  already exists
 Data file          243  of          265  already exists
 Data file          244  of          265  already exists
 Data file          245  of          265  already exists
 Data file          246  of          265  already exists
 Data file          247  of          265  already exists
 Data file          248  of          265  already exists
 Data file          249  of          265  already exists
 Data file          250  of          265  already exists
 Data file          251  of          265  already exists
 Data file          252  of          265  already exists
 Data file          253  of          265  already exists
 Data file          254  of          265  already exists
 Data file          255  of          265  already exists
 Data file          256  of          265  already exists
 Data file          257  of          265  already exists
 Reading data file          258  of          265
 Error in the netCDF file: http://tds.hycom.org/thredds/dodsC/GLBy0.08/expt_93.0/uv3z
 NetCDF: DAP failure
 fill_value and velocity_conversion_factor on read  -30000.0000       1.00000005E-03
 Opening file for reading: http://tds.hycom.org/thredds/dodsC/GLBy0.08/expt_93.0/uv3z
 Succesfully read data: Longitude
 Succesfully read data: Latitude
 Succesfully read data: Depth
 Succesfully read data: Time
 Starting X Axis index:         1563
 Ending X Axis index  :         1813
 Starting Y Axis index:         1876
 Ending Y Axis index  :         2501
 Starting Z Axis index:            1
 Ending Z Axis index  :           20
 Starting T Axis index:        11078
 Ending T Axis index  :        11342
 Data file            1  of          265  already exists
 Data file            2  of          265  already exists
 Data file            3  of          265  already exists
 Data file            4  of          265  already exists
 Data file            5  of          265  already exists
 Data file            6  of          265  already exists
 Data file            7  of          265  already exists
 Data file            8  of          265  already exists
 Data file            9  of          265  already exists
 Data file           10  of          265  already exists
 Data file           11  of          265  already exists
 Data file           12  of          265  already exists
 Data file           13  of          265  already exists
 Data file           14  of          265  already exists
 Data file           15  of          265  already exists
 Data file           16  of          265  already exists
 Data file           17  of          265  already exists
 Data file           18  of          265  already exists
 Data file           19  of          265  already exists
 Data file           20  of          265  already exists
 Data file           21  of          265  already exists
 Data file           22  of          265  already exists
 Data file           23  of          265  already exists
 Data file           24  of          265  already exists
 Data file           25  of          265  already exists
 Data file           26  of          265  already exists
 Data file           27  of          265  already exists
 Data file           28  of          265  already exists
 Data file           29  of          265  already exists
 Data file           30  of          265  already exists
 Data file           31  of          265  already exists
 Data file           32  of          265  already exists
 Data file           33  of          265  already exists
 Data file           34  of          265  already exists
 Data file           35  of          265  already exists
 Data file           36  of          265  already exists
 Data file           37  of          265  already exists
 Data file           38  of          265  already exists
 Data file           39  of          265  already exists
 Data file           40  of          265  already exists
 Data file           41  of          265  already exists
 Data file           42  of          265  already exists
 Data file           43  of          265  already exists
 Data file           44  of          265  already exists
 Data file           45  of          265  already exists
 Data file           46  of          265  already exists
 Data file           47  of          265  already exists
 Data file           48  of          265  already exists
 Data file           49  of          265  already exists
 Data file           50  of          265  already exists
 Data file           51  of          265  already exists
 Data file           52  of          265  already exists
 Data file           53  of          265  already exists
 Data file           54  of          265  already exists
 Data file           55  of          265  already exists
 Data file           56  of          265  already exists
 Data file           57  of          265  already exists
 Data file           58  of          265  already exists
 Data file           59  of          265  already exists
 Data file           60  of          265  already exists
 Data file           61  of          265  already exists
 Data file           62  of          265  already exists
 Data file           63  of          265  already exists
 Data file           64  of          265  already exists
 Data file           65  of          265  already exists
 Data file           66  of          265  already exists
 Data file           67  of          265  already exists
 Data file           68  of          265  already exists
 Data file           69  of          265  already exists
 Data file           70  of          265  already exists
 Data file           71  of          265  already exists
 Data file           72  of          265  already exists
 Data file           73  of          265  already exists
 Data file           74  of          265  already exists
 Data file           75  of          265  already exists
 Data file           76  of          265  already exists
 Data file           77  of          265  already exists
 Data file           78  of          265  already exists
 Data file           79  of          265  already exists
 Data file           80  of          265  already exists
 Data file           81  of          265  already exists
 Data file           82  of          265  already exists
 Data file           83  of          265  already exists
 Data file           84  of          265  already exists
 Data file           85  of          265  already exists
 Data file           86  of          265  already exists
 Data file           87  of          265  already exists
 Data file           88  of          265  already exists
 Data file           89  of          265  already exists
 Data file           90  of          265  already exists
 Data file           91  of          265  already exists
 Data file           92  of          265  already exists
 Data file           93  of          265  already exists
 Data file           94  of          265  already exists
 Data file           95  of          265  already exists
 Data file           96  of          265  already exists
 Data file           97  of          265  already exists
 Data file           98  of          265  already exists
 Data file           99  of          265  already exists
 Data file          100  of          265  already exists
 Data file          101  of          265  already exists
 Data file          102  of          265  already exists
 Data file          103  of          265  already exists
 Data file          104  of          265  already exists
 Data file          105  of          265  already exists
 Data file          106  of          265  already exists
 Data file          107  of          265  already exists
 Data file          108  of          265  already exists
 Data file          109  of          265  already exists
 Data file          110  of          265  already exists
 Data file          111  of          265  already exists
 Data file          112  of          265  already exists
 Data file          113  of          265  already exists
 Data file          114  of          265  already exists
 Data file          115  of          265  already exists
 Data file          116  of          265  already exists
 Data file          117  of          265  already exists
 Data file          118  of          265  already exists
 Data file          119  of          265  already exists
 Data file          120  of          265  already exists
 Data file          121  of          265  already exists
 Data file          122  of          265  already exists
 Data file          123  of          265  already exists
 Data file          124  of          265  already exists
 Data file          125  of          265  already exists
 Data file          126  of          265  already exists
 Data file          127  of          265  already exists
 Data file          128  of          265  already exists
 Data file          129  of          265  already exists
 Data file          130  of          265  already exists
 Data file          131  of          265  already exists
 Data file          132  of          265  already exists
 Data file          133  of          265  already exists
 Data file          134  of          265  already exists
 Data file          135  of          265  already exists
 Data file          136  of          265  already exists
 Data file          137  of          265  already exists
 Data file          138  of          265  already exists
 Data file          139  of          265  already exists
 Data file          140  of          265  already exists
 Data file          141  of          265  already exists
 Data file          142  of          265  already exists
 Data file          143  of          265  already exists
 Data file          144  of          265  already exists
 Data file          145  of          265  already exists
 Data file          146  of          265  already exists
 Data file          147  of          265  already exists
 Data file          148  of          265  already exists
 Data file          149  of          265  already exists
 Data file          150  of          265  already exists
 Data file          151  of          265  already exists
 Data file          152  of          265  already exists
 Data file          153  of          265  already exists
 Data file          154  of          265  already exists
 Data file          155  of          265  already exists
 Data file          156  of          265  already exists
 Data file          157  of          265  already exists
 Data file          158  of          265  already exists
 Data file          159  of          265  already exists
 Data file          160  of          265  already exists
 Data file          161  of          265  already exists
 Data file          162  of          265  already exists
 Data file          163  of          265  already exists
 Data file          164  of          265  already exists
 Data file          165  of          265  already exists
 Data file          166  of          265  already exists
 Data file          167  of          265  already exists
 Data file          168  of          265  already exists
 Data file          169  of          265  already exists
 Data file          170  of          265  already exists
 Data file          171  of          265  already exists
 Data file          172  of          265  already exists
 Data file          173  of          265  already exists
 Data file          174  of          265  already exists
 Data file          175  of          265  already exists
 Data file          176  of          265  already exists
 Data file          177  of          265  already exists
 Data file          178  of          265  already exists
 Data file          179  of          265  already exists
 Data file          180  of          265  already exists
 Data file          181  of          265  already exists
 Data file          182  of          265  already exists
 Data file          183  of          265  already exists
 Data file          184  of          265  already exists
 Data file          185  of          265  already exists
 Data file          186  of          265  already exists
 Data file          187  of          265  already exists
 Data file          188  of          265  already exists
 Data file          189  of          265  already exists
 Data file          190  of          265  already exists
 Data file          191  of          265  already exists
 Data file          192  of          265  already exists
 Data file          193  of          265  already exists
 Data file          194  of          265  already exists
 Data file          195  of          265  already exists
 Data file          196  of          265  already exists
 Data file          197  of          265  already exists
 Data file          198  of          265  already exists
 Data file          199  of          265  already exists
 Data file          200  of          265  already exists
 Data file          201  of          265  already exists
 Data file          202  of          265  already exists
 Data file          203  of          265  already exists
 Data file          204  of          265  already exists
 Data file          205  of          265  already exists
 Data file          206  of          265  already exists
 Data file          207  of          265  already exists
 Data file          208  of          265  already exists
 Data file          209  of          265  already exists
 Data file          210  of          265  already exists
 Data file          211  of          265  already exists
 Data file          212  of          265  already exists
 Data file          213  of          265  already exists
 Data file          214  of          265  already exists
 Data file          215  of          265  already exists
 Data file          216  of          265  already exists
 Data file          217  of          265  already exists
 Data file          218  of          265  already exists
 Data file          219  of          265  already exists
 Data file          220  of          265  already exists
 Data file          221  of          265  already exists
 Data file          222  of          265  already exists
 Data file          223  of          265  already exists
 Data file          224  of          265  already exists
 Data file          225  of          265  already exists
 Data file          226  of          265  already exists
 Data file          227  of          265  already exists
 Data file          228  of          265  already exists
 Data file          229  of          265  already exists
 Data file          230  of          265  already exists
 Data file          231  of          265  already exists
 Data file          232  of          265  already exists
 Data file          233  of          265  already exists
 Data file          234  of          265  already exists
 Data file          235  of          265  already exists
 Data file          236  of          265  already exists
 Data file          237  of          265  already exists
 Data file          238  of          265  already exists
 Data file          239  of          265  already exists
 Data file          240  of          265  already exists
 Data file          241  of          265  already exists
 Data file          242  of          265  already exists
 Data file          243  of          265  already exists
 Data file          244  of          265  already exists
 Data file          245  of          265  already exists
 Data file          246  of          265  already exists
 Data file          247  of          265  already exists
 Data file          248  of          265  already exists
 Data file          249  of          265  already exists
 Data file          250  of          265  already exists
 Data file          251  of          265  already exists
 Data file          252  of          265  already exists
 Data file          253  of          265  already exists
 Data file          254  of          265  already exists
 Data file          255  of          265  already exists
 Data file          256  of          265  already exists
 Data file          257  of          265  already exists
 Reading data file          258  of          265
 Error in the netCDF file: http://tds.hycom.org/thredds/dodsC/GLBy0.08/expt_93.0/uv3z
 NetCDF: DAP failure
 fill_value and velocity_conversion_factor on read  -30000.0000       1.00000005E-03
 Opening file for reading: http://tds.hycom.org/thredds/dodsC/GLBy0.08/expt_93.0/uv3z
 Succesfully read data: Longitude
 Succesfully read data: Latitude
 Succesfully read data: Depth
 Succesfully read data: Time
 Starting X Axis index:         1563
 Ending X Axis index  :         1813
 Starting Y Axis index:         1876
 Ending Y Axis index  :         2501
 Starting Z Axis index:            1
 Ending Z Axis index  :           20
 Starting T Axis index:        11078
 Ending T Axis index  :        11342
 Data file            1  of          265  already exists
 Data file            2  of          265  already exists
 Data file            3  of          265  already exists
 Data file            4  of          265  already exists
 Data file            5  of          265  already exists
 Data file            6  of          265  already exists
 Data file            7  of          265  already exists
 Data file            8  of          265  already exists
 Data file            9  of          265  already exists
 Data file           10  of          265  already exists
 Data file           11  of          265  already exists
 Data file           12  of          265  already exists
 Data file           13  of          265  already exists
 Data file           14  of          265  already exists
 Data file           15  of          265  already exists
 Data file           16  of          265  already exists
 Data file           17  of          265  already exists
 Data file           18  of          265  already exists
 Data file           19  of          265  already exists
 Data file           20  of          265  already exists
 Data file           21  of          265  already exists
 Data file           22  of          265  already exists
 Data file           23  of          265  already exists
 Data file           24  of          265  already exists
 Data file           25  of          265  already exists
 Data file           26  of          265  already exists
 Data file           27  of          265  already exists
 Data file           28  of          265  already exists
 Data file           29  of          265  already exists
 Data file           30  of          265  already exists
 Data file           31  of          265  already exists
 Data file           32  of          265  already exists
 Data file           33  of          265  already exists
 Data file           34  of          265  already exists
 Data file           35  of          265  already exists
 Data file           36  of          265  already exists
 Data file           37  of          265  already exists
 Data file           38  of          265  already exists
 Data file           39  of          265  already exists
 Data file           40  of          265  already exists
 Data file           41  of          265  already exists
 Data file           42  of          265  already exists
 Data file           43  of          265  already exists
 Data file           44  of          265  already exists
 Data file           45  of          265  already exists
 Data file           46  of          265  already exists
 Data file           47  of          265  already exists
 Data file           48  of          265  already exists
 Data file           49  of          265  already exists
 Data file           50  of          265  already exists
 Data file           51  of          265  already exists
 Data file           52  of          265  already exists
 Data file           53  of          265  already exists
 Data file           54  of          265  already exists
 Data file           55  of          265  already exists
 Data file           56  of          265  already exists
 Data file           57  of          265  already exists
 Data file           58  of          265  already exists
 Data file           59  of          265  already exists
 Data file           60  of          265  already exists
 Data file           61  of          265  already exists
 Data file           62  of          265  already exists
 Data file           63  of          265  already exists
 Data file           64  of          265  already exists
 Data file           65  of          265  already exists
 Data file           66  of          265  already exists
 Data file           67  of          265  already exists
 Data file           68  of          265  already exists
 Data file           69  of          265  already exists
 Data file           70  of          265  already exists
 Data file           71  of          265  already exists
 Data file           72  of          265  already exists
 Data file           73  of          265  already exists
 Data file           74  of          265  already exists
 Data file           75  of          265  already exists
 Data file           76  of          265  already exists
 Data file           77  of          265  already exists
 Data file           78  of          265  already exists
 Data file           79  of          265  already exists
 Data file           80  of          265  already exists
 Data file           81  of          265  already exists
 Data file           82  of          265  already exists
 Data file           83  of          265  already exists
 Data file           84  of          265  already exists
 Data file           85  of          265  already exists
 Data file           86  of          265  already exists
 Data file           87  of          265  already exists
 Data file           88  of          265  already exists
 Data file           89  of          265  already exists
 Data file           90  of          265  already exists
 Data file           91  of          265  already exists
 Data file           92  of          265  already exists
 Data file           93  of          265  already exists
 Data file           94  of          265  already exists
 Data file           95  of          265  already exists
 Data file           96  of          265  already exists
 Data file           97  of          265  already exists
 Data file           98  of          265  already exists
 Data file           99  of          265  already exists
 Data file          100  of          265  already exists
 Data file          101  of          265  already exists
 Data file          102  of          265  already exists
 Data file          103  of          265  already exists
 Data file          104  of          265  already exists
 Data file          105  of          265  already exists
 Data file          106  of          265  already exists
 Data file          107  of          265  already exists
 Data file          108  of          265  already exists
 Data file          109  of          265  already exists
 Data file          110  of          265  already exists
 Data file          111  of          265  already exists
 Data file          112  of          265  already exists
 Data file          113  of          265  already exists
 Data file          114  of          265  already exists
 Data file          115  of          265  already exists
 Data file          116  of          265  already exists
 Data file          117  of          265  already exists
 Data file          118  of          265  already exists
 Data file          119  of          265  already exists
 Data file          120  of          265  already exists
 Data file          121  of          265  already exists
 Data file          122  of          265  already exists
 Data file          123  of          265  already exists
 Data file          124  of          265  already exists
 Data file          125  of          265  already exists
 Data file          126  of          265  already exists
 Data file          127  of          265  already exists
 Data file          128  of          265  already exists
 Data file          129  of          265  already exists
 Data file          130  of          265  already exists
 Data file          131  of          265  already exists
 Data file          132  of          265  already exists
 Data file          133  of          265  already exists
 Data file          134  of          265  already exists
 Data file          135  of          265  already exists
 Data file          136  of          265  already exists
 Data file          137  of          265  already exists
 Data file          138  of          265  already exists
 Data file          139  of          265  already exists
 Data file          140  of          265  already exists
 Data file          141  of          265  already exists
 Data file          142  of          265  already exists
 Data file          143  of          265  already exists
 Data file          144  of          265  already exists
 Data file          145  of          265  already exists
 Data file          146  of          265  already exists
 Data file          147  of          265  already exists
 Data file          148  of          265  already exists
 Data file          149  of          265  already exists
 Data file          150  of          265  already exists
 Data file          151  of          265  already exists
 Data file          152  of          265  already exists
 Data file          153  of          265  already exists
 Data file          154  of          265  already exists
 Data file          155  of          265  already exists
 Data file          156  of          265  already exists
 Data file          157  of          265  already exists
 Data file          158  of          265  already exists
 Data file          159  of          265  already exists
 Data file          160  of          265  already exists
 Data file          161  of          265  already exists
 Data file          162  of          265  already exists
 Data file          163  of          265  already exists
 Data file          164  of          265  already exists
 Data file          165  of          265  already exists
 Data file          166  of          265  already exists
 Data file          167  of          265  already exists
 Data file          168  of          265  already exists
 Data file          169  of          265  already exists
 Data file          170  of          265  already exists
 Data file          171  of          265  already exists
 Data file          172  of          265  already exists
 Data file          173  of          265  already exists
 Data file          174  of          265  already exists
 Data file          175  of          265  already exists
 Data file          176  of          265  already exists
 Data file          177  of          265  already exists
 Data file          178  of          265  already exists
 Data file          179  of          265  already exists
 Data file          180  of          265  already exists
 Data file          181  of          265  already exists
 Data file          182  of          265  already exists
 Data file          183  of          265  already exists
 Data file          184  of          265  already exists
 Data file          185  of          265  already exists
 Data file          186  of          265  already exists
 Data file          187  of          265  already exists
 Data file          188  of          265  already exists
 Data file          189  of          265  already exists
 Data file          190  of          265  already exists
 Data file          191  of          265  already exists
 Data file          192  of          265  already exists
 Data file          193  of          265  already exists
 Data file          194  of          265  already exists
 Data file          195  of          265  already exists
 Data file          196  of          265  already exists
 Data file          197  of          265  already exists
 Data file          198  of          265  already exists
 Data file          199  of          265  already exists
 Data file          200  of          265  already exists
 Data file          201  of          265  already exists
 Data file          202  of          265  already exists
 Data file          203  of          265  already exists
 Data file          204  of          265  already exists
 Data file          205  of          265  already exists
 Data file          206  of          265  already exists
 Data file          207  of          265  already exists
 Data file          208  of          265  already exists
 Data file          209  of          265  already exists
 Data file          210  of          265  already exists
 Data file          211  of          265  already exists
 Data file          212  of          265  already exists
 Data file          213  of          265  already exists
 Data file          214  of          265  already exists
 Data file          215  of          265  already exists
 Data file          216  of          265  already exists
 Data file          217  of          265  already exists
 Data file          218  of          265  already exists
 Data file          219  of          265  already exists
 Data file          220  of          265  already exists
 Data file          221  of          265  already exists
 Data file          222  of          265  already exists
 Data file          223  of          265  already exists
 Data file          224  of          265  already exists
 Data file          225  of          265  already exists
 Data file          226  of          265  already exists
 Data file          227  of          265  already exists
 Data file          228  of          265  already exists
 Data file          229  of          265  already exists
 Data file          230  of          265  already exists
 Data file          231  of          265  already exists
 Data file          232  of          265  already exists
 Data file          233  of          265  already exists
 Data file          234  of          265  already exists
 Data file          235  of          265  already exists
 Data file          236  of          265  already exists
 Data file          237  of          265  already exists
 Data file          238  of          265  already exists
 Data file          239  of          265  already exists
 Data file          240  of          265  already exists
 Data file          241  of          265  already exists
 Data file          242  of          265  already exists
 Data file          243  of          265  already exists
 Data file          244  of          265  already exists
 Data file          245  of          265  already exists
 Data file          246  of          265  already exists
 Data file          247  of          265  already exists
 Data file          248  of          265  already exists
 Data file          249  of          265  already exists
 Data file          250  of          265  already exists
 Data file          251  of          265  already exists
 Data file          252  of          265  already exists
 Data file          253  of          265  already exists
 Data file          254  of          265  already exists
 Data file          255  of          265  already exists
 Data file          256  of          265  already exists
 Data file          257  of          265  already exists
 Reading data file          258  of          265
 Error in the netCDF file: http://tds.hycom.org/thredds/dodsC/GLBy0.08/expt_93.0/uv3z
 NetCDF: DAP failure
 fill_value and velocity_conversion_factor on read  -30000.0000       1.00000005E-03
 Opening file for reading: http://tds.hycom.org/thredds/dodsC/GLBy0.08/expt_93.0/uv3z
 Succesfully read data: Longitude
 Succesfully read data: Latitude
 Succesfully read data: Depth
 Succesfully read data: Time
 Starting X Axis index:         1563
 Ending X Axis index  :         1813
 Starting Y Axis index:         1876
 Ending Y Axis index  :         2501
 Starting Z Axis index:            1
 Ending Z Axis index  :           20
 Starting T Axis index:        11078
 Ending T Axis index  :        11342
 Data file            1  of          265  already exists
 Data file            2  of          265  already exists
 Data file            3  of          265  already exists
 Data file            4  of          265  already exists
 Data file            5  of          265  already exists
 Data file            6  of          265  already exists
 Data file            7  of          265  already exists
 Data file            8  of          265  already exists
 Data file            9  of          265  already exists
 Data file           10  of          265  already exists
 Data file           11  of          265  already exists
 Data file           12  of          265  already exists
 Data file           13  of          265  already exists
 Data file           14  of          265  already exists
 Data file           15  of          265  already exists
 Data file           16  of          265  already exists
 Data file           17  of          265  already exists
 Data file           18  of          265  already exists
 Data file           19  of          265  already exists
 Data file           20  of          265  already exists
 Data file           21  of          265  already exists
 Data file           22  of          265  already exists
 Data file           23  of          265  already exists
 Data file           24  of          265  already exists
 Data file           25  of          265  already exists
 Data file           26  of          265  already exists
 Data file           27  of          265  already exists
 Data file           28  of          265  already exists
 Data file           29  of          265  already exists
 Data file           30  of          265  already exists
 Data file           31  of          265  already exists
 Data file           32  of          265  already exists
 Data file           33  of          265  already exists
 Data file           34  of          265  already exists
 Data file           35  of          265  already exists
 Data file           36  of          265  already exists
 Data file           37  of          265  already exists
 Data file           38  of          265  already exists
 Data file           39  of          265  already exists
 Data file           40  of          265  already exists
 Data file           41  of          265  already exists
 Data file           42  of          265  already exists
 Data file           43  of          265  already exists
 Data file           44  of          265  already exists
 Data file           45  of          265  already exists
 Data file           46  of          265  already exists
 Data file           47  of          265  already exists
 Data file           48  of          265  already exists
 Data file           49  of          265  already exists
 Data file           50  of          265  already exists
 Data file           51  of          265  already exists
 Data file           52  of          265  already exists
 Data file           53  of          265  already exists
 Data file           54  of          265  already exists
 Data file           55  of          265  already exists
 Data file           56  of          265  already exists
 Data file           57  of          265  already exists
 Data file           58  of          265  already exists
 Data file           59  of          265  already exists
 Data file           60  of          265  already exists
 Data file           61  of          265  already exists
 Data file           62  of          265  already exists
 Data file           63  of          265  already exists
 Data file           64  of          265  already exists
 Data file           65  of          265  already exists
 Data file           66  of          265  already exists
 Data file           67  of          265  already exists
 Data file           68  of          265  already exists
 Data file           69  of          265  already exists
 Data file           70  of          265  already exists
 Data file           71  of          265  already exists
 Data file           72  of          265  already exists
 Data file           73  of          265  already exists
 Data file           74  of          265  already exists
 Data file           75  of          265  already exists
 Data file           76  of          265  already exists
 Data file           77  of          265  already exists
 Data file           78  of          265  already exists
 Data file           79  of          265  already exists
 Data file           80  of          265  already exists
 Data file           81  of          265  already exists
 Data file           82  of          265  already exists
 Data file           83  of          265  already exists
 Data file           84  of          265  already exists
 Data file           85  of          265  already exists
 Data file           86  of          265  already exists
 Data file           87  of          265  already exists
 Data file           88  of          265  already exists
 Data file           89  of          265  already exists
 Data file           90  of          265  already exists
 Data file           91  of          265  already exists
 Data file           92  of          265  already exists
 Data file           93  of          265  already exists
 Data file           94  of          265  already exists
 Data file           95  of          265  already exists
 Data file           96  of          265  already exists
 Data file           97  of          265  already exists
 Data file           98  of          265  already exists
 Data file           99  of          265  already exists
 Data file          100  of          265  already exists
 Data file          101  of          265  already exists
 Data file          102  of          265  already exists
 Data file          103  of          265  already exists
 Data file          104  of          265  already exists
 Data file          105  of          265  already exists
 Data file          106  of          265  already exists
 Data file          107  of          265  already exists
 Data file          108  of          265  already exists
 Data file          109  of          265  already exists
 Data file          110  of          265  already exists
 Data file          111  of          265  already exists
 Data file          112  of          265  already exists
 Data file          113  of          265  already exists
 Data file          114  of          265  already exists
 Data file          115  of          265  already exists
 Data file          116  of          265  already exists
 Data file          117  of          265  already exists
 Data file          118  of          265  already exists
 Data file          119  of          265  already exists
 Data file          120  of          265  already exists
 Data file          121  of          265  already exists
 Data file          122  of          265  already exists
 Data file          123  of          265  already exists
 Data file          124  of          265  already exists
 Data file          125  of          265  already exists
 Data file          126  of          265  already exists
 Data file          127  of          265  already exists
 Data file          128  of          265  already exists
 Data file          129  of          265  already exists
 Data file          130  of          265  already exists
 Data file          131  of          265  already exists
 Data file          132  of          265  already exists
 Data file          133  of          265  already exists
 Data file          134  of          265  already exists
 Data file          135  of          265  already exists
 Data file          136  of          265  already exists
 Data file          137  of          265  already exists
 Data file          138  of          265  already exists
 Data file          139  of          265  already exists
 Data file          140  of          265  already exists
 Data file          141  of          265  already exists
 Data file          142  of          265  already exists
 Data file          143  of          265  already exists
 Data file          144  of          265  already exists
 Data file          145  of          265  already exists
 Data file          146  of          265  already exists
 Data file          147  of          265  already exists
 Data file          148  of          265  already exists
 Data file          149  of          265  already exists
 Data file          150  of          265  already exists
 Data file          151  of          265  already exists
 Data file          152  of          265  already exists
 Data file          153  of          265  already exists
 Data file          154  of          265  already exists
 Data file          155  of          265  already exists
 Data file          156  of          265  already exists
 Data file          157  of          265  already exists
 Data file          158  of          265  already exists
 Data file          159  of          265  already exists
 Data file          160  of          265  already exists
 Data file          161  of          265  already exists
 Data file          162  of          265  already exists
 Data file          163  of          265  already exists
 Data file          164  of          265  already exists
 Data file          165  of          265  already exists
 Data file          166  of          265  already exists
 Data file          167  of          265  already exists
 Data file          168  of          265  already exists
 Data file          169  of          265  already exists
 Data file          170  of          265  already exists
 Data file          171  of          265  already exists
 Data file          172  of          265  already exists
 Data file          173  of          265  already exists
 Data file          174  of          265  already exists
 Data file          175  of          265  already exists
 Data file          176  of          265  already exists
 Data file          177  of          265  already exists
 Data file          178  of          265  already exists
 Data file          179  of          265  already exists
 Data file          180  of          265  already exists
 Data file          181  of          265  already exists
 Data file          182  of          265  already exists
 Data file          183  of          265  already exists
 Data file          184  of          265  already exists
 Data file          185  of          265  already exists
 Data file          186  of          265  already exists
 Data file          187  of          265  already exists
 Data file          188  of          265  already exists
 Data file          189  of          265  already exists
 Data file          190  of          265  already exists
 Data file          191  of          265  already exists
 Data file          192  of          265  already exists
 Data file          193  of          265  already exists
 Data file          194  of          265  already exists
 Data file          195  of          265  already exists
 Data file          196  of          265  already exists
 Data file          197  of          265  already exists
 Data file          198  of          265  already exists
 Data file          199  of          265  already exists
 Data file          200  of          265  already exists
 Data file          201  of          265  already exists
 Data file          202  of          265  already exists
 Data file          203  of          265  already exists
 Data file          204  of          265  already exists
 Data file          205  of          265  already exists
 Data file          206  of          265  already exists
 Data file          207  of          265  already exists
 Data file          208  of          265  already exists
 Data file          209  of          265  already exists
 Data file          210  of          265  already exists
 Data file          211  of          265  already exists
 Data file          212  of          265  already exists
 Data file          213  of          265  already exists
 Data file          214  of          265  already exists
 Data file          215  of          265  already exists
 Data file          216  of          265  already exists
 Data file          217  of          265  already exists
 Data file          218  of          265  already exists
 Data file          219  of          265  already exists
 Data file          220  of          265  already exists
 Data file          221  of          265  already exists
 Data file          222  of          265  already exists
 Data file          223  of          265  already exists
 Data file          224  of          265  already exists
 Data file          225  of          265  already exists
 Data file          226  of          265  already exists
 Data file          227  of          265  already exists
 Data file          228  of          265  already exists
 Data file          229  of          265  already exists
 Data file          230  of          265  already exists
 Data file          231  of          265  already exists
 Data file          232  of          265  already exists
 Data file          233  of          265  already exists
 Data file          234  of          265  already exists
 Data file          235  of          265  already exists
 Data file          236  of          265  already exists
 Data file          237  of          265  already exists
 Data file          238  of          265  already exists
 Data file          239  of          265  already exists
 Data file          240  of          265  already exists
 Data file          241  of          265  already exists
 Data file          242  of          265  already exists
 Data file          243  of          265  already exists
 Data file          244  of          265  already exists
 Data file          245  of          265  already exists
 Data file          246  of          265  already exists
 Data file          247  of          265  already exists
 Data file          248  of          265  already exists
 Data file          249  of          265  already exists
 Data file          250  of          265  already exists
 Data file          251  of          265  already exists
 Data file          252  of          265  already exists
 Data file          253  of          265  already exists
 Data file          254  of          265  already exists
 Data file          255  of          265  already exists
 Data file          256  of          265  already exists
 Data file          257  of          265  already exists
 Reading data file          258  of          265
 Error in the netCDF file: http://tds.hycom.org/thredds/dodsC/GLBy0.08/expt_93.0/uv3z
 NetCDF: DAP failure
 fill_value and velocity_conversion_factor on read  -30000.0000       1.00000005E-03
 Opening file for reading: http://tds.hycom.org/thredds/dodsC/GLBy0.08/expt_93.0/uv3z
 Succesfully read data: Longitude
 Succesfully read data: Latitude
 Succesfully read data: Depth
 Error in the netCDF file: http://tds.hycom.org/thredds/dodsC/GLBy0.08/expt_93.0/uv3z
 NetCDF: DAP failure
 fill_value and velocity_conversion_factor on read  -30000.0000       1.00000005E-03
 Opening file for reading: http://tds.hycom.org/thredds/dodsC/GLBy0.08/expt_93.0/uv3z
 Succesfully read data: Longitude
 Succesfully read data: Latitude
 Succesfully read data: Depth
 Succesfully read data: Time
 Starting X Axis index:         1563
 Ending X Axis index  :         1813
 Starting Y Axis index:         1876
 Ending Y Axis index  :         2501
 Starting Z Axis index:            1
 Ending Z Axis index  :           20
 Starting T Axis index:        11078
 Ending T Axis index  :        11342
 Data file            1  of          265  already exists
 Data file            2  of          265  already exists
 Data file            3  of          265  already exists
 Data file            4  of          265  already exists
 Data file            5  of          265  already exists
 Data file            6  of          265  already exists
 Data file            7  of          265  already exists
 Data file            8  of          265  already exists
 Data file            9  of          265  already exists
 Data file           10  of          265  already exists
 Data file           11  of          265  already exists
 Data file           12  of          265  already exists
 Data file           13  of          265  already exists
 Data file           14  of          265  already exists
 Data file           15  of          265  already exists
 Data file           16  of          265  already exists
 Data file           17  of          265  already exists
 Data file           18  of          265  already exists
 Data file           19  of          265  already exists
 Data file           20  of          265  already exists
 Data file           21  of          265  already exists
 Data file           22  of          265  already exists
 Data file           23  of          265  already exists
 Data file           24  of          265  already exists
 Data file           25  of          265  already exists
 Data file           26  of          265  already exists
 Data file           27  of          265  already exists
 Data file           28  of          265  already exists
 Data file           29  of          265  already exists
 Data file           30  of          265  already exists
 Data file           31  of          265  already exists
 Data file           32  of          265  already exists
 Data file           33  of          265  already exists
 Data file           34  of          265  already exists
 Data file           35  of          265  already exists
 Data file           36  of          265  already exists
 Data file           37  of          265  already exists
 Data file           38  of          265  already exists
 Data file           39  of          265  already exists
 Data file           40  of          265  already exists
 Data file           41  of          265  already exists
 Data file           42  of          265  already exists
 Data file           43  of          265  already exists
 Data file           44  of          265  already exists
 Data file           45  of          265  already exists
 Data file           46  of          265  already exists
 Data file           47  of          265  already exists
 Data file           48  of          265  already exists
 Data file           49  of          265  already exists
 Data file           50  of          265  already exists
 Data file           51  of          265  already exists
 Data file           52  of          265  already exists
 Data file           53  of          265  already exists
 Data file           54  of          265  already exists
 Data file           55  of          265  already exists
 Data file           56  of          265  already exists
 Data file           57  of          265  already exists
 Data file           58  of          265  already exists
 Data file           59  of          265  already exists
 Data file           60  of          265  already exists
 Data file           61  of          265  already exists
 Data file           62  of          265  already exists
 Data file           63  of          265  already exists
 Data file           64  of          265  already exists
 Data file           65  of          265  already exists
 Data file           66  of          265  already exists
 Data file           67  of          265  already exists
 Data file           68  of          265  already exists
 Data file           69  of          265  already exists
 Data file           70  of          265  already exists
 Data file           71  of          265  already exists
 Data file           72  of          265  already exists
 Data file           73  of          265  already exists
 Data file           74  of          265  already exists
 Data file           75  of          265  already exists
 Data file           76  of          265  already exists
 Data file           77  of          265  already exists
 Data file           78  of          265  already exists
 Data file           79  of          265  already exists
 Data file           80  of          265  already exists
 Data file           81  of          265  already exists
 Data file           82  of          265  already exists
 Data file           83  of          265  already exists
 Data file           84  of          265  already exists
 Data file           85  of          265  already exists
 Data file           86  of          265  already exists
 Data file           87  of          265  already exists
 Data file           88  of          265  already exists
 Data file           89  of          265  already exists
 Data file           90  of          265  already exists
 Data file           91  of          265  already exists
 Data file           92  of          265  already exists
 Data file           93  of          265  already exists
 Data file           94  of          265  already exists
 Data file           95  of          265  already exists
 Data file           96  of          265  already exists
 Data file           97  of          265  already exists
 Data file           98  of          265  already exists
 Data file           99  of          265  already exists
 Data file          100  of          265  already exists
 Data file          101  of          265  already exists
 Data file          102  of          265  already exists
 Data file          103  of          265  already exists
 Data file          104  of          265  already exists
 Data file          105  of          265  already exists
 Data file          106  of          265  already exists
 Data file          107  of          265  already exists
 Data file          108  of          265  already exists
 Data file          109  of          265  already exists
 Data file          110  of          265  already exists
 Data file          111  of          265  already exists
 Data file          112  of          265  already exists
 Data file          113  of          265  already exists
 Data file          114  of          265  already exists
 Data file          115  of          265  already exists
 Data file          116  of          265  already exists
 Data file          117  of          265  already exists
 Data file          118  of          265  already exists
 Data file          119  of          265  already exists
 Data file          120  of          265  already exists
 Data file          121  of          265  already exists
 Data file          122  of          265  already exists
 Data file          123  of          265  already exists
 Data file          124  of          265  already exists
 Data file          125  of          265  already exists
 Data file          126  of          265  already exists
 Data file          127  of          265  already exists
 Data file          128  of          265  already exists
 Data file          129  of          265  already exists
 Data file          130  of          265  already exists
 Data file          131  of          265  already exists
 Data file          132  of          265  already exists
 Data file          133  of          265  already exists
 Data file          134  of          265  already exists
 Data file          135  of          265  already exists
 Data file          136  of          265  already exists
 Data file          137  of          265  already exists
 Data file          138  of          265  already exists
 Data file          139  of          265  already exists
 Data file          140  of          265  already exists
 Data file          141  of          265  already exists
 Data file          142  of          265  already exists
 Data file          143  of          265  already exists
 Data file          144  of          265  already exists
 Data file          145  of          265  already exists
 Data file          146  of          265  already exists
 Data file          147  of          265  already exists
 Data file          148  of          265  already exists
 Data file          149  of          265  already exists
 Data file          150  of          265  already exists
 Data file          151  of          265  already exists
 Data file          152  of          265  already exists
 Data file          153  of          265  already exists
 Data file          154  of          265  already exists
 Data file          155  of          265  already exists
 Data file          156  of          265  already exists
 Data file          157  of          265  already exists
 Data file          158  of          265  already exists
 Data file          159  of          265  already exists
 Data file          160  of          265  already exists
 Data file          161  of          265  already exists
 Data file          162  of          265  already exists
 Data file          163  of          265  already exists
 Data file          164  of          265  already exists
 Data file          165  of          265  already exists
 Data file          166  of          265  already exists
 Data file          167  of          265  already exists
 Data file          168  of          265  already exists
 Data file          169  of          265  already exists
 Data file          170  of          265  already exists
 Data file          171  of          265  already exists
 Data file          172  of          265  already exists
 Data file          173  of          265  already exists
 Data file          174  of          265  already exists
 Data file          175  of          265  already exists
 Data file          176  of          265  already exists
 Data file          177  of          265  already exists
 Data file          178  of          265  already exists
 Data file          179  of          265  already exists
 Data file          180  of          265  already exists
 Data file          181  of          265  already exists
 Data file          182  of          265  already exists
 Data file          183  of          265  already exists
 Data file          184  of          265  already exists
 Data file          185  of          265  already exists
 Data file          186  of          265  already exists
 Data file          187  of          265  already exists
 Data file          188  of          265  already exists
 Data file          189  of          265  already exists
 Data file          190  of          265  already exists
 Data file          191  of          265  already exists
 Data file          192  of          265  already exists
 Data file          193  of          265  already exists
 Data file          194  of          265  already exists
 Data file          195  of          265  already exists
 Data file          196  of          265  already exists
 Data file          197  of          265  already exists
 Data file          198  of          265  already exists
 Data file          199  of          265  already exists
 Data file          200  of          265  already exists
 Data file          201  of          265  already exists
 Data file          202  of          265  already exists
 Data file          203  of          265  already exists
 Data file          204  of          265  already exists
 Data file          205  of          265  already exists
 Data file          206  of          265  already exists
 Data file          207  of          265  already exists
 Data file          208  of          265  already exists
 Data file          209  of          265  already exists
 Data file          210  of          265  already exists
 Data file          211  of          265  already exists
 Data file          212  of          265  already exists
 Data file          213  of          265  already exists
 Data file          214  of          265  already exists
 Data file          215  of          265  already exists
 Data file          216  of          265  already exists
 Data file          217  of          265  already exists
 Data file          218  of          265  already exists
 Data file          219  of          265  already exists
 Data file          220  of          265  already exists
 Data file          221  of          265  already exists
 Data file          222  of          265  already exists
 Data file          223  of          265  already exists
 Data file          224  of          265  already exists
 Data file          225  of          265  already exists
 Data file          226  of          265  already exists
 Data file          227  of          265  already exists
 Data file          228  of          265  already exists
 Data file          229  of          265  already exists
 Data file          230  of          265  already exists
 Data file          231  of          265  already exists
 Data file          232  of          265  already exists
 Data file          233  of          265  already exists
 Data file          234  of          265  already exists
 Data file          235  of          265  already exists
 Data file          236  of          265  already exists
 Data file          237  of          265  already exists
 Data file          238  of          265  already exists
 Data file          239  of          265  already exists
 Data file          240  of          265  already exists
 Data file          241  of          265  already exists
 Data file          242  of          265  already exists
 Data file          243  of          265  already exists
 Data file          244  of          265  already exists
 Data file          245  of          265  already exists
 Data file          246  of          265  already exists
 Data file          247  of          265  already exists
 Data file          248  of          265  already exists
 Data file          249  of          265  already exists
 Data file          250  of          265  already exists
 Data file          251  of          265  already exists
 Data file          252  of          265  already exists
 Data file          253  of          265  already exists
 Data file          254  of          265  already exists
 Data file          255  of          265  already exists
 Data file          256  of          265  already exists
 Data file          257  of          265  already exists
 Reading data file          258  of          265
 Error in the netCDF file: http://tds.hycom.org/thredds/dodsC/GLBy0.08/expt_93.0/uv3z
 NetCDF: DAP failure
curl error details: 
 fill_value and velocity_conversion_factor on read  -30000.0000       1.00000005E-03
 Opening file for reading: http://tds.hycom.org/thredds/dodsC/GLBy0.08/expt_93.0/uv3z
 Error in the netCDF file: http://tds.hycom.org/thredds/dodsC/GLBy0.08/expt_93.0/uv3z
 NetCDF: I/O failure
Finished getting data
Thu Oct 12 12:46:26 EDT 2023
